sxUnstallName=GoldWave v4.26
sxFile=Z:\home\dell\Descargas\Teoria de Comunicaciones y Señales-20190406T220818Z-001\Teoria de Comunicaciones y Señales\TeoriaDeComunicacionesySeñales\GoldWave\unstall.log
sxFile=Z:\home\dell\Descargas\Teoria de Comunicaciones y Señales-20190406T220818Z-001\Teoria de Comunicaciones y Señales\TeoriaDeComunicacionesySeñales\GoldWave\GoldWave.exe
sxFile=Z:\home\dell\Descargas\Teoria de Comunicaciones y Señales-20190406T220818Z-001\Teoria de Comunicaciones y Señales\TeoriaDeComunicacionesySeñales\GoldWave\GoldWave.htm
sxFile=Z:\home\dell\Descargas\Teoria de Comunicaciones y Señales-20190406T220818Z-001\Teoria de Comunicaciones y Señales\TeoriaDeComunicacionesySeñales\GoldWave\GoldWave.hlp
sxFile=Z:\home\dell\Descargas\Teoria de Comunicaciones y Señales-20190406T220818Z-001\Teoria de Comunicaciones y Señales\TeoriaDeComunicacionesySeñales\GoldWave\ReadMe.txt
sxFile=Z:\home\dell\Descargas\Teoria de Comunicaciones y Señales-20190406T220818Z-001\Teoria de Comunicaciones y Señales\TeoriaDeComunicacionesySeñales\GoldWave\WhatsNew.txt
sxFile=Z:\home\dell\Descargas\Teoria de Comunicaciones y Señales-20190406T220818Z-001\Teoria de Comunicaciones y Señales\TeoriaDeComunicacionesySeñales\GoldWave\GWPreset.ini
sxFile=Z:\home\dell\Descargas\Teoria de Comunicaciones y Señales-20190406T220818Z-001\Teoria de Comunicaciones y Señales\TeoriaDeComunicacionesySeñales\GoldWave\Express.eqx
sxFile=Z:\home\dell\Descargas\Teoria de Comunicaciones y Señales-20190406T220818Z-001\Teoria de Comunicaciones y Señales\TeoriaDeComunicacionesySeñales\GoldWave\Order.doc
sxFile=Z:\home\dell\Descargas\Teoria de Comunicaciones y Señales-20190406T220818Z-001\Teoria de Comunicaciones y Señales\TeoriaDeComunicacionesySeñales\GoldWave\pad_file.xml
sxFile=Z:\home\dell\Descargas\Teoria de Comunicaciones y Señales-20190406T220818Z-001\Teoria de Comunicaciones y Señales\TeoriaDeComunicacionesySeñales\GoldWave\pad_file.htm
sxFile=Z:\home\dell\Descargas\Teoria de Comunicaciones y Señales-20190406T220818Z-001\Teoria de Comunicaciones y Señales\TeoriaDeComunicacionesySeñales\GoldWave\sxstall2.exe
sxFile=C:\users\dell\Escritorio\GoldWave.lnk
sxFolder=C:\users\dell\Start Menu\Programs\GoldWave\
sxFile=C:\users\dell\Start Menu\Programs\GoldWave\GoldWave.lnk
sxFile=C:\users\dell\Start Menu\Programs\GoldWave\GoldWave Manual.lnk
sxFile=C:\users\dell\Start Menu\Programs\GoldWave\GoldWave Help.lnk
sxFile=C:\windows\GoldWave.ini
sxFile=C:\windows\GWPreset.ini
sxFile=C:\windows\Express.eqx
sxFile=Z:\home\dell\Descargas\Teoria de Comunicaciones y Señales-20190406T220818Z-001\Teoria de Comunicaciones y Señales\TeoriaDeComunicacionesySeñales\GoldWave\GoldWave.gid
sxFolder=Z:\home\dell\Descargas\Teoria de Comunicaciones y Señales-20190406T220818Z-001\Teoria de Comunicaciones y Señales\TeoriaDeComunicacionesySeñales\GoldWave\
